2025-10-25 13:39:34,926 - INFO - Dataset loaded successfully. Shape: (2149, 35)
2025-10-25 13:39:34,927 - INFO - Starting data cleaning...
2025-10-25 13:39:34,927 - INFO - Original dataset shape: (2149, 35)
2025-10-25 13:39:34,928 - INFO - Removed columns: ['PatientID', 'DoctorInCharge']
2025-10-25 13:39:34,928 - INFO - Handling missing values...
2025-10-25 13:39:34,928 - INFO - No missing values found
2025-10-25 13:39:34,935 - INFO - Data cleaning completed. Final shape: (2149, 33)
2025-10-25 13:39:34,936 - INFO - Starting feature engineering...
2025-10-25 13:39:34,938 - INFO - Created AgeGroup feature
2025-10-25 13:39:34,939 - INFO - Created BMICategory feature
2025-10-25 13:39:34,948 - INFO - Created BPCategory feature
2025-10-25 13:39:34,949 - INFO - Created CholesterolRiskScore feature
2025-10-25 13:39:34,950 - INFO - Created CognitiveDeclineScore feature
2025-10-25 13:39:34,951 - INFO - Created LifestyleRiskScore feature
2025-10-25 13:39:34,952 - INFO - Created MedicalHistoryRiskScore feature
2025-10-25 13:39:34,952 - INFO - Feature engineering completed. Created 7 new features: ['AgeGroup', 'BMICategory', 'BPCategory', 'CholesterolRiskScore', 'CognitiveDeclineScore', 'LifestyleRiskScore', 'MedicalHistoryRiskScore']
2025-10-25 13:39:34,952 - INFO - Starting feature encoding...
2025-10-25 13:39:34,954 - INFO - One-hot encoded multi-class feature: BPCategory
2025-10-25 13:39:34,955 - INFO - Encoded target variable: ['0' '1']
2025-10-25 13:39:34,956 - INFO - Feature encoding completed. Saved 2 encoders
2025-10-25 13:39:34,957 - INFO - Starting feature scaling...
2025-10-25 13:39:34,960 - INFO - Applied StandardScaler to 11 features
2025-10-25 13:39:34,963 - INFO - Applied MinMaxScaler to 4 features
2025-10-25 13:39:34,965 - INFO - Feature scaling completed
2025-10-25 13:39:34,965 - INFO - Starting data splitting...
2025-10-25 13:39:34,972 - INFO - Data split completed:
2025-10-25 13:39:34,972 - INFO -   Train: 1504 samples (70.0%)
2025-10-25 13:39:34,972 - INFO -   Validation: 322 samples (15.0%)
2025-10-25 13:39:34,973 - INFO -   Test: 323 samples (15.0%)
2025-10-25 13:39:34,973 - INFO - Class distribution:
2025-10-25 13:39:34,974 - INFO -   Train: {0: 0.6462765957446809, 1: 0.3537234042553192}
2025-10-25 13:39:34,974 - INFO -   Val: {0: 0.6459627329192547, 1: 0.35403726708074534}
2025-10-25 13:39:34,974 - INFO -   Test: {0: 0.6470588235294118, 1: 0.35294117647058826}
2025-10-25 13:39:34,974 - INFO - Checking for class imbalance...
2025-10-25 13:39:34,974 - INFO - Class imbalance ratio: 1.83
2025-10-25 13:39:34,975 - INFO - Classes are reasonably balanced. SMOTE not applied.
2025-10-25 13:39:34,975 - INFO - Saving preprocessed datasets...
2025-10-25 13:39:35,011 - INFO - Datasets saved successfully:
2025-10-25 13:39:35,011 - INFO -   Train: preprocessed_data/train_data.csv
2025-10-25 13:39:35,011 - INFO -   Validation: preprocessed_data/val_data.csv
2025-10-25 13:39:35,011 - INFO -   Test: preprocessed_data/test_data.csv
2025-10-25 13:39:35,012 - INFO -   Features: 40 features saved
2025-10-25 13:39:35,012 - INFO - Generating preprocessing report...
2025-10-25 13:39:35,013 - INFO - Preprocessing report saved to: preprocessing_outputs/preprocessing_report.md
